2023-01-06 01:44:52.599 wdl.w:scrna_filter_cells NOTICE workflow start :: name: "scrna_filter_cells", source: "wdl/scrna_filter.wdl", line: 28, column: 1, dir: "/home/debian/genentech-jp/runs/20230106_014452_scrna_filter_cells"
2023-01-06 01:44:52.600 wdl.w:scrna_filter_cells NOTICE miniwdl :: version: "v1.8.0", uname: "Linux d18cc191d77d 5.10.0-8-amd64 #1 SMP Debian 5.10.46-5 (2021-09-23) x86_64"
2023-01-06 01:44:52.604 wdl.w:scrna_filter_cells NOTICE ready :: job: "call-scRNAFilterCells-0-MantonBM6HiSeq1r", callee: "scRNAFilterCells"
2023-01-06 01:44:52.605 wdl.w:scrna_filter_cells NOTICE ready :: job: "call-scRNAFilterCells-1-MantonBM7HiSeq1r", callee: "scRNAFilterCells"
2023-01-06 01:44:52.605 wdl.w:scrna_filter_cells.t:call-scRNAFilterCells-0-MantonBM6HiSeq1r NOTICE task setup :: name: "scRNAFilterCells", source: "wdl/scrna_filter.wdl", line: 3, column: 1, dir: "/home/debian/genentech-jp/runs/20230106_014452_scrna_filter_cells/call-scRNAFilterCells-0-MantonBM6HiSeq1r", thread: 139894046824192
2023-01-06 01:44:52.605 wdl.w:scrna_filter_cells NOTICE ready :: job: "call-scRNAFilterCells-2-MantonBM4HiSeq1r", callee: "scRNAFilterCells"
2023-01-06 01:44:52.606 wdl.w:scrna_filter_cells NOTICE ready :: job: "call-scRNAFilterCells-3-MantonBM5HiSeq1r", callee: "scRNAFilterCells"
2023-01-06 01:44:52.606 wdl.w:scrna_filter_cells.t:call-scRNAFilterCells-1-MantonBM7HiSeq1r NOTICE task setup :: name: "scRNAFilterCells", source: "wdl/scrna_filter.wdl", line: 3, column: 1, dir: "/home/debian/genentech-jp/runs/20230106_014452_scrna_filter_cells/call-scRNAFilterCells-1-MantonBM7HiSeq1r", thread: 139894038431488
2023-01-06 01:44:52.607 wdl.w:scrna_filter_cells NOTICE ready :: job: "call-scRNAFilterCells-4-MantonBM1HiSeq1r", callee: "scRNAFilterCells"
2023-01-06 01:44:52.607 wdl.w:scrna_filter_cells.t:call-scRNAFilterCells-2-MantonBM4HiSeq1r NOTICE task setup :: name: "scRNAFilterCells", source: "wdl/scrna_filter.wdl", line: 3, column: 1, dir: "/home/debian/genentech-jp/runs/20230106_014452_scrna_filter_cells/call-scRNAFilterCells-2-MantonBM4HiSeq1r", thread: 139894030038784
2023-01-06 01:44:52.607 wdl.w:scrna_filter_cells NOTICE ready :: job: "call-scRNAFilterCells-5-MantonBM2HiSeq1r", callee: "scRNAFilterCells"
2023-01-06 01:44:52.608 wdl.w:scrna_filter_cells.t:call-scRNAFilterCells-4-MantonBM1HiSeq1r NOTICE task setup :: name: "scRNAFilterCells", source: "wdl/scrna_filter.wdl", line: 3, column: 1, dir: "/home/debian/genentech-jp/runs/20230106_014452_scrna_filter_cells/call-scRNAFilterCells-4-MantonBM1HiSeq1r", thread: 139894013253376
2023-01-06 01:44:52.608 wdl.w:scrna_filter_cells.t:call-scRNAFilterCells-3-MantonBM5HiSeq1r NOTICE task setup :: name: "scRNAFilterCells", source: "wdl/scrna_filter.wdl", line: 3, column: 1, dir: "/home/debian/genentech-jp/runs/20230106_014452_scrna_filter_cells/call-scRNAFilterCells-3-MantonBM5HiSeq1r", thread: 139894021646080
2023-01-06 01:44:52.610 wdl.w:scrna_filter_cells NOTICE ready :: job: "call-scRNAFilterCells-6-MantonBM3HiSeq1r", callee: "scRNAFilterCells"
2023-01-06 01:44:52.611 wdl.w:scrna_filter_cells.t:call-scRNAFilterCells-5-MantonBM2HiSeq1r NOTICE task setup :: name: "scRNAFilterCells", source: "wdl/scrna_filter.wdl", line: 3, column: 1, dir: "/home/debian/genentech-jp/runs/20230106_014452_scrna_filter_cells/call-scRNAFilterCells-5-MantonBM2HiSeq1r", thread: 139893661497088
2023-01-06 01:44:52.613 wdl.w:scrna_filter_cells NOTICE ready :: job: "call-scRNAFilterCells-7-MantonBM8HiSeq1r", callee: "scRNAFilterCells"
2023-01-06 01:44:52.615 wdl.w:scrna_filter_cells.t:call-scRNAFilterCells-6-MantonBM3HiSeq1r NOTICE task setup :: name: "scRNAFilterCells", source: "wdl/scrna_filter.wdl", line: 3, column: 1, dir: "/home/debian/genentech-jp/runs/20230106_014452_scrna_filter_cells/call-scRNAFilterCells-6-MantonBM3HiSeq1r", thread: 139893653104384
2023-01-06 01:44:52.617 wdl.w:scrna_filter_cells.t:call-scRNAFilterCells-7-MantonBM8HiSeq1r NOTICE task setup :: name: "scRNAFilterCells", source: "wdl/scrna_filter.wdl", line: 3, column: 1, dir: "/home/debian/genentech-jp/runs/20230106_014452_scrna_filter_cells/call-scRNAFilterCells-7-MantonBM8HiSeq1r", thread: 139893644711680
2023-01-06 01:44:52.712 wdl.w:scrna_filter_cells.t:call-scRNAFilterCells-3-MantonBM5HiSeq1r WARNING docker swarm is inactive on this host; performing `docker swarm init --advertise-addr 127.0.0.1 --listen-addr 127.0.0.1`
2023-01-06 01:44:53.254 wdl.w:scrna_filter_cells.t:call-scRNAFilterCells-3-MantonBM5HiSeq1r NOTICE waiting for local docker swarm manager & worker(s) :: manager: "inactive", workers: 0
2023-01-06 01:44:55.272 wdl.w:scrna_filter_cells.t:call-scRNAFilterCells-3-MantonBM5HiSeq1r NOTICE docker swarm resources :: workers: 1, max_cpus: 16, max_mem_bytes: 135059656704, total_cpus: 16, total_mem_bytes: 135059656704
2023-01-06 01:44:55.292 wdl.w:scrna_filter_cells.t:call-scRNAFilterCells-3-MantonBM5HiSeq1r NOTICE docker image :: tag: "docker.io/apollodorus/genentech-jp:v1", id: "sha256:5d2eb1da500094517ed8eaccfaf5ba4e0b31142a3c6d1b6321842c5ace5bb372", RepoDigest: false
2023-01-06 01:44:55.294 wdl.w:scrna_filter_cells.t:call-scRNAFilterCells-0-MantonBM6HiSeq1r NOTICE docker image :: tag: "docker.io/apollodorus/genentech-jp:v1", id: "sha256:5d2eb1da500094517ed8eaccfaf5ba4e0b31142a3c6d1b6321842c5ace5bb372", RepoDigest: false
2023-01-06 01:44:55.300 wdl.w:scrna_filter_cells.t:call-scRNAFilterCells-1-MantonBM7HiSeq1r NOTICE docker image :: tag: "docker.io/apollodorus/genentech-jp:v1", id: "sha256:5d2eb1da500094517ed8eaccfaf5ba4e0b31142a3c6d1b6321842c5ace5bb372", RepoDigest: false
2023-01-06 01:44:55.301 wdl.w:scrna_filter_cells.t:call-scRNAFilterCells-4-MantonBM1HiSeq1r NOTICE docker image :: tag: "docker.io/apollodorus/genentech-jp:v1", id: "sha256:5d2eb1da500094517ed8eaccfaf5ba4e0b31142a3c6d1b6321842c5ace5bb372", RepoDigest: false
2023-01-06 01:44:55.300 wdl.w:scrna_filter_cells.t:call-scRNAFilterCells-6-MantonBM3HiSeq1r NOTICE docker image :: tag: "docker.io/apollodorus/genentech-jp:v1", id: "sha256:5d2eb1da500094517ed8eaccfaf5ba4e0b31142a3c6d1b6321842c5ace5bb372", RepoDigest: false
2023-01-06 01:44:55.302 wdl.w:scrna_filter_cells.t:call-scRNAFilterCells-7-MantonBM8HiSeq1r NOTICE docker image :: tag: "docker.io/apollodorus/genentech-jp:v1", id: "sha256:5d2eb1da500094517ed8eaccfaf5ba4e0b31142a3c6d1b6321842c5ace5bb372", RepoDigest: false
2023-01-06 01:44:55.306 wdl.w:scrna_filter_cells.t:call-scRNAFilterCells-5-MantonBM2HiSeq1r NOTICE docker image :: tag: "docker.io/apollodorus/genentech-jp:v1", id: "sha256:5d2eb1da500094517ed8eaccfaf5ba4e0b31142a3c6d1b6321842c5ace5bb372", RepoDigest: false
2023-01-06 01:44:55.307 wdl.w:scrna_filter_cells.t:call-scRNAFilterCells-2-MantonBM4HiSeq1r NOTICE docker image :: tag: "docker.io/apollodorus/genentech-jp:v1", id: "sha256:5d2eb1da500094517ed8eaccfaf5ba4e0b31142a3c6d1b6321842c5ace5bb372", RepoDigest: false
2023-01-06 01:44:55.314 wdl.w:scrna_filter_cells.t:call-scRNAFilterCells-0-MantonBM6HiSeq1r WARNING container command will run as a root/wheel group member, since this is your primary group (gid=0)
2023-01-06 01:44:55.317 wdl.w:scrna_filter_cells.t:call-scRNAFilterCells-3-MantonBM5HiSeq1r WARNING container command will run as a root/wheel group member, since this is your primary group (gid=0)
2023-01-06 01:44:55.317 wdl.w:scrna_filter_cells.t:call-scRNAFilterCells-5-MantonBM2HiSeq1r WARNING container command will run as a root/wheel group member, since this is your primary group (gid=0)
2023-01-06 01:44:55.321 wdl.w:scrna_filter_cells.t:call-scRNAFilterCells-6-MantonBM3HiSeq1r WARNING container command will run as a root/wheel group member, since this is your primary group (gid=0)
2023-01-06 01:44:55.323 wdl.w:scrna_filter_cells.t:call-scRNAFilterCells-4-MantonBM1HiSeq1r WARNING container command will run as a root/wheel group member, since this is your primary group (gid=0)
2023-01-06 01:44:55.323 wdl.w:scrna_filter_cells.t:call-scRNAFilterCells-7-MantonBM8HiSeq1r WARNING container command will run as a root/wheel group member, since this is your primary group (gid=0)
2023-01-06 01:44:55.331 wdl.w:scrna_filter_cells.t:call-scRNAFilterCells-2-MantonBM4HiSeq1r WARNING container command will run as a root/wheel group member, since this is your primary group (gid=0)
2023-01-06 01:44:55.332 wdl.w:scrna_filter_cells.t:call-scRNAFilterCells-1-MantonBM7HiSeq1r WARNING container command will run as a root/wheel group member, since this is your primary group (gid=0)
2023-01-06 01:44:56.738 wdl.w:scrna_filter_cells.t:call-scRNAFilterCells-4-MantonBM1HiSeq1r ERROR docker task rejected :: service: "iod0fcnegtql", task: "pu97pbd6qr", node: "o1z001hgbd", message: "invalid mount config for type \"bind\": bind source path does not exist: /home/debian/data/projects/genentech-jp/cellranger_output/MantonBM1_HiSeq_1/raw_feature_bc_matrix.h5"
2023-01-06 01:44:56.742 wdl.w:scrna_filter_cells.t:call-scRNAFilterCells-4-MantonBM1HiSeq1r ERROR task scRNAFilterCells (wdl/scrna_filter.wdl Ln 3 Col 1) failed :: dir: "/home/debian/genentech-jp/runs/20230106_014452_scrna_filter_cells/call-scRNAFilterCells-4-MantonBM1HiSeq1r", error: "RuntimeError", message: "docker task rejected: invalid mount config for type \"bind\": bind source path does not exist: /home/debian/data/projects/genentech-jp/cellranger_output/MantonBM1_HiSeq_1/raw_feature_bc_matrix.h5"
2023-01-06 01:44:56.743 wdl.w:scrna_filter_cells ERROR call failure propagating :: from: "call-scRNAFilterCells-4-MantonBM1HiSeq1r", dir: "/home/debian/genentech-jp/runs/20230106_014452_scrna_filter_cells"
2023-01-06 01:44:56.743 wdl.w:scrna_filter_cells NOTICE aborting workflow
2023-01-06 01:44:57.290 wdl.w:scrna_filter_cells.t:call-scRNAFilterCells-7-MantonBM8HiSeq1r ERROR docker task rejected :: service: "70sr3esvqjgb", task: "vavy8hwh2i", node: "o1z001hgbd", message: "invalid mount config for type \"bind\": bind source path does not exist: /home/debian/data/projects/genentech-jp/cellranger_output/MantonBM8_HiSeq_1/raw_feature_bc_matrix.h5"
2023-01-06 01:44:57.293 wdl.w:scrna_filter_cells.t:call-scRNAFilterCells-7-MantonBM8HiSeq1r ERROR task scRNAFilterCells (wdl/scrna_filter.wdl Ln 3 Col 1) failed :: dir: "/home/debian/genentech-jp/runs/20230106_014452_scrna_filter_cells/call-scRNAFilterCells-7-MantonBM8HiSeq1r", error: "RuntimeError", message: "docker task rejected: invalid mount config for type \"bind\": bind source path does not exist: /home/debian/data/projects/genentech-jp/cellranger_output/MantonBM8_HiSeq_1/raw_feature_bc_matrix.h5"
2023-01-06 01:44:57.573 wdl.w:scrna_filter_cells.t:call-scRNAFilterCells-1-MantonBM7HiSeq1r ERROR docker task rejected :: service: "c31k8ceo5x7r", task: "a6lwj87rum", node: "o1z001hgbd", message: "invalid mount config for type \"bind\": bind source path does not exist: /home/debian/data/projects/genentech-jp/cellranger_output/MantonBM7_HiSeq_1/raw_feature_bc_matrix.h5"
2023-01-06 01:44:57.576 wdl.w:scrna_filter_cells.t:call-scRNAFilterCells-1-MantonBM7HiSeq1r ERROR task scRNAFilterCells (wdl/scrna_filter.wdl Ln 3 Col 1) failed :: dir: "/home/debian/genentech-jp/runs/20230106_014452_scrna_filter_cells/call-scRNAFilterCells-1-MantonBM7HiSeq1r", error: "RuntimeError", message: "docker task rejected: invalid mount config for type \"bind\": bind source path does not exist: /home/debian/data/projects/genentech-jp/cellranger_output/MantonBM7_HiSeq_1/raw_feature_bc_matrix.h5"
2023-01-06 01:44:58.227 wdl.w:scrna_filter_cells.t:call-scRNAFilterCells-0-MantonBM6HiSeq1r ERROR docker task rejected :: service: "ytkvu2nayl8s", task: "kqfxkxkfnv", node: "o1z001hgbd", message: "invalid mount config for type \"bind\": bind source path does not exist: /home/debian/data/projects/genentech-jp/cellranger_output/MantonBM6_HiSeq_1/raw_feature_bc_matrix.h5"
2023-01-06 01:44:58.230 wdl.w:scrna_filter_cells.t:call-scRNAFilterCells-0-MantonBM6HiSeq1r ERROR task scRNAFilterCells (wdl/scrna_filter.wdl Ln 3 Col 1) failed :: dir: "/home/debian/genentech-jp/runs/20230106_014452_scrna_filter_cells/call-scRNAFilterCells-0-MantonBM6HiSeq1r", error: "RuntimeError", message: "docker task rejected: invalid mount config for type \"bind\": bind source path does not exist: /home/debian/data/projects/genentech-jp/cellranger_output/MantonBM6_HiSeq_1/raw_feature_bc_matrix.h5"
